● Video  --vid=1  --vlang=eng  (h264 1920x1080 24 fps) [default]
● Audio  --aid=1  --alang=eng  (aac 2ch 48000 Hz 317 kbps) [default]
Cannot load libcuda.so.1
[ffmpeg] AVHWDeviceContext: Cannot load libcuda.so.1
[ffmpeg] AVHWDeviceContext: Could not dynamically load CUDA
[ffmpeg/video] h264: Device does not support the VK_KHR_video_decode_queue extension!
[ffmpeg/video] h264: Failed setup for format vulkan: hwaccel initialisation returned error.
Failed to open VDPAU backend libvdpau_nvidia.so: cannot open shared object file: No such file or directory
[ao/alsa] Asked for 2 channels, got 1 - fallback to mono.
AO: [alsa] 8000Hz mono 1ch s16
VO: [gpu] 1920x1080 yuv420p
AV: 00:00:00 / 00:01:18 (0%) A-V:  0.000
AV: 00:00:00 / 00:01:18 (0%) A-V: -0.042
AV: 00:00:00 / 00:01:18 (0%) A-V: -0.038
AV: 00:00:00 / 00:01:18 (0%) A-V: -0.027 Dropped: 1
AV: 00:00:00 / 00:01:18 (0%) A-V: -0.030 Dropped: 1
AV: 00:00:00 / 00:01:18 (0%) A-V: -0.010 Dropped: 2
AV: 00:00:00 / 00:01:18 (0%) A-V: -0.025 Dropped: 2
AV: 00:00:00 / 00:01:18 (0%) A-V:  0.003 Dropped: 3
AV: 00:00:00 / 00:01:18 (0%) A-V: -0.020 Dropped: 3
AV: 00:00:00 / 00:01:18 (0%) A-V: -0.017 Dropped: 4
AV: 00:00:00 / 00:01:18 (1%) A-V: -0.016 Dropped: 4
AV: 00:00:00 / 00:01:18 (1%) A-V:  0.028 Dropped: 5
AV: 00:00:00 / 00:01:18 (1%) A-V: -0.013 Dropped: 6
AV: 00:00:00 / 00:01:18 (1%) A-V: -0.012 Dropped: 6
AV: 00:00:00 / 00:01:18 (1%) A-V: -0.011 Dropped: 6
AV: 00:00:00 / 00:01:18 (1%) A-V:  0.037 Dropped: 7
AV: 00:00:00 / 00:01:18 (1%) A-V: -0.004 Dropped: 8
AV: 00:00:00 / 00:01:18 (1%) A-V: -0.008 Dropped: 8
AV: 00:00:00 / 00:01:18 (1%) A-V:  0.012 Dropped: 9
AV: 00:00:00 / 00:01:18 (1%) A-V: -0.006 Dropped: 9
AV: 00:00:00 / 00:01:18 (1%) A-V:  0.029 Dropped: 10
AV: 00:00:00 / 00:01:18 (1%) A-V: -0.005 Dropped: 10
AV: 00:00:00 / 00:01:18 (1%) A-V:  0.046 Dropped: 11
AV: 00:00:00 / 00:01:18 (1%) A-V:  0.004 Dropped: 12
AV: 00:00:01 / 00:01:18 (1%) A-V: -0.004 Dropped: 12
AV: 00:00:01 / 00:01:18 (1%) A-V:  0.021 Dropped: 13
AV: 00:00:01 / 00:01:18 (1%) A-V:  0.001 Dropped: 13
AV: 00:00:01 / 00:01:18 (1%) A-V: -0.003 Dropped: 13
AV: 00:00:01 / 00:01:18 (1%) A-V:  0.088 Dropped: 14
AV: 00:00:01 / 00:01:18 (2%) A-V:  0.046 Dropped: 15
AV: 00:00:01 / 00:01:18 (2%) A-V:  0.004 Dropped: 16
AV: 00:00:01 / 00:01:18 (2%) A-V: -0.002 Dropped: 16
AV: 00:00:01 / 00:01:18 (2%) A-V:  0.055 Dropped: 17
AV: 00:00:01 / 00:01:18 (2%) A-V:  0.014 Dropped: 18
AV: 00:00:01 / 00:01:18 (2%) A-V: -0.001 Dropped: 18
AV: 00:00:01 / 00:01:18 (2%) A-V:  0.030 Dropped: 19
AV: 00:00:01 / 00:01:18 (2%) A-V: -0.001 Dropped: 19
AV: 00:00:01 / 00:01:18 (2%) A-V:  0.047 Dropped: 20
AV: 00:00:01 / 00:01:18 (2%) A-V:  0.005 Dropped: 21
AV: 00:00:01 / 00:01:18 (2%) A-V: -0.001 Dropped: 21
AV: 00:00:01 / 00:01:18 (2%) A-V:  0.022 Dropped: 22
AV: 00:00:01 / 00:01:18 (2%) A-V: -0.001 Dropped: 22
AV: 00:00:01 / 00:01:18 (2%) A-V:  0.035 Dropped: 23
AV: 00:00:01 / 00:01:18 (2%) A-V: -0.000 Dropped: 23
AV: 00:00:01 / 00:01:18 (2%) A-V:  0.011 Dropped: 24
AV: 00:00:01 / 00:01:18 (2%) A-V: -0.000 Dropped: 24
AV: 00:00:01 / 00:01:18 (2%) A-V:  0.060 Dropped: 25
AV: 00:00:02 / 00:01:18 (3%) A-V:  0.018 Dropped: 26
AV: 00:00:02 / 00:01:18 (3%) A-V: -0.000 Dropped: 26
AV: 00:00:02 / 00:01:18 (3%) A-V:  0.089 Dropped: 27
AV: 00:00:02 / 00:01:18 (3%) A-V:  0.048 Dropped: 28
AV: 00:00:02 / 00:01:18 (3%) A-V:  0.010 Dropped: 29
AV: 00:00:02 / 00:01:18 (3%) A-V: -0.000 Dropped: 29
AV: 00:00:02 / 00:01:18 (3%) A-V:  0.065 Dropped: 30
AV: 00:00:02 / 00:01:18 (3%) A-V:  0.023 Dropped: 31
AV: 00:00:02 / 00:01:18 (3%) A-V: -0.000 Dropped: 31
AV: 00:00:02 / 00:01:18 (3%) A-V:  0.040 Dropped: 32
AV: 00:00:02 / 00:01:18 (3%) A-V: -0.000 Dropped: 32
AV: 00:00:02 / 00:01:18 (3%) A-V:  0.021 Dropped: 33
AV: 00:00:02 / 00:01:18 (3%) A-V: -0.000 Dropped: 33
AV: 00:00:02 / 00:01:18 (3%) A-V:  0.005 Dropped: 34
AV: 00:00:02 / 00:01:18 (3%) A-V: -0.000 Dropped: 34
AV: 00:00:02 / 00:01:18 (3%) A-V:  0.022 Dropped: 35
AV: 00:00:02 / 00:01:18 (4%) A-V: -0.000 Dropped: 35
AV: 00:00:02 / 00:01:18 (4%) A-V:  0.007 Dropped: 36
AV: 00:00:02 / 00:01:18 (4%) A-V: -0.000 Dropped: 36
AV: 00:00:02 / 00:01:18 (4%) A-V:  0.023 Dropped: 37
AV: 00:00:02 / 00:01:18 (4%) A-V: -0.000 Dropped: 37
AV: 00:00:02 / 00:01:18 (4%) A-V:  0.004 Dropped: 38
AV: 00:00:03 / 00:01:18 (4%) A-V: -0.000 Dropped: 38
AV: 00:00:03 / 00:01:18 (4%) A-V:  0.021 Dropped: 39
AV: 00:00:03 / 00:01:18 (4%) A-V: -0.000 Dropped: 39
AV: 00:00:03 / 00:01:18 (4%) A-V:  0.005 Dropped: 40
AV: 00:00:03 / 00:01:18 (4%) A-V: -0.000 Dropped: 40
AV: 00:00:03 / 00:01:18 (4%) A-V:  0.022 Dropped: 41
AV: 00:00:03 / 00:01:18 (4%) A-V: -0.000 Dropped: 41
AV: 00:00:03 / 00:01:18 (4%) A-V:  0.039 Dropped: 42
AV: 00:00:03 / 00:01:18 (4%) A-V: -0.000 Dropped: 42
AV: 00:00:03 / 00:01:18 (4%) A-V:  0.023 Dropped: 43
AV: 00:00:03 / 00:01:18 (4%) A-V: -0.000 Dropped: 43
AV: 00:00:03 / 00:01:18 (4%) A-V:  0.004 Dropped: 44
AV: 00:00:03 / 00:01:18 (4%) A-V: -0.000 Dropped: 44
AV: 00:00:03 / 00:01:18 (5%) A-V: -0.000 Dropped: 44
AV: 00:00:03 / 00:01:18 (5%) A-V:  0.021 Dropped: 45
AV: 00:00:03 / 00:01:18 (5%) A-V: -0.000 Dropped: 45
AV: 00:00:03 / 00:01:18 (5%) A-V:  0.037 Dropped: 46
AV: 00:00:03 / 00:01:18 (5%) A-V: -0.000 Dropped: 46
AV: 00:00:03 / 00:01:18 (5%) A-V:  0.022 Dropped: 47
AV: 00:00:03 / 00:01:18 (5%) A-V: -0.000 Dropped: 47
AV: 00:00:03 / 00:01:18 (5%) A-V:  0.039 Dropped: 48
AV: 00:00:03 / 00:01:18 (5%) A-V: -0.000 Dropped: 48
AV: 00:00:03 / 00:01:18 (5%) A-V:  0.023 Dropped: 49
AV: 00:00:03 / 00:01:18 (5%) A-V: -0.000 Dropped: 49
AV: 00:00:03 / 00:01:18 (5%) A-V:  0.040 Dropped: 50
AV: 00:00:04 / 00:01:18 (5%) A-V: -0.000 Dropped: 50
AV: 00:00:04 / 00:01:18 (5%) A-V:  0.021 Dropped: 51
AV: 00:00:04 / 00:01:18 (5%) A-V: -0.000 Dropped: 51
AV: 00:00:04 / 00:01:18 (5%) A-V:  0.037 Dropped: 52
AV: 00:00:04 / 00:01:18 (5%) A-V: -0.000 Dropped: 52
AV: 00:00:04 / 00:01:18 (5%) A-V:  0.022 Dropped: 53
AV: 00:00:04 / 00:01:18 (5%) A-V: -0.000 Dropped: 53
AV: 00:00:04 / 00:01:18 (5%) A-V:  0.007 Dropped: 54
AV: 00:00:04 / 00:01:18 (6%) A-V: -0.000 Dropped: 54
AV: 00:00:04 / 00:01:18 (6%) A-V:  0.023 Dropped: 55
AV: 00:00:04 / 00:01:18 (6%) A-V: -0.000 Dropped: 55
AV: 00:00:04 / 00:01:18 (6%) A-V:  0.004 Dropped: 56
AV: 00:00:04 / 00:01:18 (6%) A-V: -0.000 Dropped: 56
AV: 00:00:04 / 00:01:18 (6%) A-V:  0.021 Dropped: 57
AV: 00:00:04 / 00:01:18 (6%) A-V: -0.000 Dropped: 57
AV: 00:00:04 / 00:01:18 (6%) A-V:  0.037 Dropped: 58
AV: 00:00:04 / 00:01:18 (6%) A-V: -0.000 Dropped: 58
AV: 00:00:04 / 00:01:18 (6%) A-V:  0.022 Dropped: 59
AV: 00:00:04 / 00:01:18 (6%) A-V: -0.000 Dropped: 59
AV: 00:00:04 / 00:01:18 (6%) A-V:  0.007 Dropped: 60
AV: 00:00:04 / 00:01:18 (6%) A-V: -0.000 Dropped: 60
AV: 00:00:04 / 00:01:18 (6%) A-V:  0.023 Dropped: 61
AV: 00:00:04 / 00:01:18 (6%) A-V: -0.000 Dropped: 61
AV: 00:00:04 / 00:01:18 (6%) A-V:  0.040 Dropped: 62
AV: 00:00:05 / 00:01:18 (6%) A-V: -0.000 Dropped: 62
AV: 00:00:05 / 00:01:18 (6%) A-V:  0.021 Dropped: 63
AV: 00:00:05 / 00:01:18 (6%) A-V: -0.000 Dropped: 63
AV: 00:00:05 / 00:01:18 (7%) A-V: -0.000 Dropped: 63
AV: 00:00:05 / 00:01:18 (7%) A-V:  0.005 Dropped: 64
AV: 00:00:05 / 00:01:18 (7%) A-V: -0.000 Dropped: 64
AV: 00:00:05 / 00:01:18 (7%) A-V:  0.022 Dropped: 65
AV: 00:00:05 / 00:01:18 (7%) A-V: -0.000 Dropped: 65
AV: 00:00:05 / 00:01:18 (7%) A-V:  0.039 Dropped: 66
AV: 00:00:05 / 00:01:18 (7%) A-V: -0.000 Dropped: 66
AV: 00:00:05 / 00:01:18 (7%) A-V:  0.023 Dropped: 67
AV: 00:00:05 / 00:01:18 (7%) A-V: -0.000 Dropped: 67
AV: 00:00:05 / 00:01:18 (7%) A-V:  0.040 Dropped: 68
AV: 00:00:05 / 00:01:18 (7%) A-V: -0.000 Dropped: 68
AV: 00:00:05 / 00:01:18 (7%) A-V:  0.021 Dropped: 69
AV: 00:00:05 / 00:01:18 (7%) A-V: -0.000 Dropped: 69
AV: 00:00:05 / 00:01:18 (7%) A-V:  0.037 Dropped: 70
AV: 00:00:05 / 00:01:18 (7%) A-V: -0.000 Dropped: 70
AV: 00:00:05 / 00:01:18 (7%) A-V:  0.022 Dropped: 71
AV: 00:00:05 / 00:01:18 (7%) A-V: -0.000 Dropped: 71
AV: 00:00:05 / 00:01:18 (7%) A-V:  0.039 Dropped: 72
AV: 00:00:05 / 00:01:18 (7%) A-V:  0.001 Dropped: 72
AV: 00:00:05 / 00:01:18 (7%) A-V:  0.023 Dropped: 73
AV: 00:00:05 / 00:01:18 (8%) A-V: -0.000 Dropped: 73
AV: 00:00:05 / 00:01:18 (8%) A-V:  0.040 Dropped: 74
AV: 00:00:06 / 00:01:18 (8%) A-V: -0.000 Dropped: 74
AV: 00:00:06 / 00:01:18 (8%) A-V:  0.021 Dropped: 75
AV: 00:00:06 / 00:01:18 (8%) A-V: -0.000 Dropped: 75
AV: 00:00:06 / 00:01:18 (8%) A-V:  0.037 Dropped: 76
AV: 00:00:06 / 00:01:18 (8%) A-V: -0.000 Dropped: 76
AV: 00:00:06 / 00:01:18 (8%) A-V:  0.022 Dropped: 77
AV: 00:00:06 / 00:01:18 (8%) A-V: -0.000 Dropped: 77
AV: 00:00:06 / 00:01:18 (8%) A-V:  0.039 Dropped: 78
AV: 00:00:06 / 00:01:18 (8%) A-V: -0.000 Dropped: 78
AV: 00:00:06 / 00:01:18 (8%) A-V:  0.023 Dropped: 79
AV: 00:00:06 / 00:01:18 (8%) A-V: -0.000 Dropped: 79
AV: 00:00:06 / 00:01:18 (8%) A-V:  0.040 Dropped: 80
AV: 00:00:06 / 00:01:18 (8%) A-V: -0.000 Dropped: 80
AV: 00:00:06 / 00:01:18 (8%) A-V:  0.021 Dropped: 81
AV: 00:00:06 / 00:01:18 (8%) A-V: -0.000 Dropped: 81
AV: 00:00:06 / 00:01:18 (8%) A-V:  0.037 Dropped: 82
AV: 00:00:06 / 00:01:18 (9%) A-V: -0.000 Dropped: 82
AV: 00:00:06 / 00:01:18 (9%) A-V:  0.022 Dropped: 83
AV: 00:00:06 / 00:01:18 (9%) A-V: -0.000 Dropped: 83
AV: 00:00:06 / 00:01:18 (9%) A-V:  0.039 Dropped: 84
AV: 00:00:06 / 00:01:18 (9%) A-V:  0.001 Dropped: 84
AV: 00:00:06 / 00:01:18 (9%) A-V:  0.023 Dropped: 85
AV: 00:00:06 / 00:01:18 (9%) A-V: -0.000 Dropped: 85
AV: 00:00:06 / 00:01:18 (9%) A-V:  0.040 Dropped: 86
AV: 00:00:07 / 00:01:18 (9%) A-V: -0.000 Dropped: 86
AV: 00:00:07 / 00:01:18 (9%) A-V:  0.021 Dropped: 87
AV: 00:00:07 / 00:01:18 (9%) A-V: -0.000 Dropped: 87
AV: 00:00:07 / 00:01:18 (9%) A-V:  0.037 Dropped: 88
AV: 00:00:07 / 00:01:18 (9%) A-V: -0.000 Dropped: 88
AV: 00:00:07 / 00:01:18 (9%) A-V:  0.022 Dropped: 89
AV: 00:00:07 / 00:01:18 (9%) A-V: -0.000 Dropped: 89
AV: 00:00:07 / 00:01:18 (9%) A-V:  0.039 Dropped: 90
AV: 00:00:07 / 00:01:18 (9%) A-V:  0.001 Dropped: 90
AV: 00:00:07 / 00:01:18 (9%) A-V:  0.023 Dropped: 91
AV: 00:00:07 / 00:01:18 (9%) A-V: -0.000 Dropped: 91
AV: 00:00:07 / 00:01:18 (10%) A-V: -0.000 Dropped: 91
AV: 00:00:07 / 00:01:18 (10%) A-V:  0.040 Dropped: 92
AV: 00:00:07 / 00:01:18 (10%) A-V: -0.000 Dropped: 92
AV: 00:00:07 / 00:01:18 (10%) A-V:  0.021 Dropped: 93
AV: 00:00:07 / 00:01:18 (10%) A-V: -0.000 Dropped: 93
AV: 00:00:07 / 00:01:18 (10%) A-V:  0.037 Dropped: 94
AV: 00:00:07 / 00:01:18 (10%) A-V: -0.000 Dropped: 94
AV: 00:00:07 / 00:01:18 (10%) A-V:  0.022 Dropped: 95
AV: 00:00:07 / 00:01:18 (10%) A-V: -0.000 Dropped: 95
AV: 00:00:07 / 00:01:18 (10%) A-V:  0.039 Dropped: 96
AV: 00:00:07 / 00:01:18 (10%) A-V: -0.000 Dropped: 96
AV: 00:00:07 / 00:01:18 (10%) A-V:  0.023 Dropped: 97
AV: 00:00:07 / 00:01:18 (10%) A-V: -0.000 Dropped: 97
AV: 00:00:07 / 00:01:18 (10%) A-V:  0.040 Dropped: 98
AV: 00:00:08 / 00:01:18 (10%) A-V: -0.000 Dropped: 98
AV: 00:00:08 / 00:01:18 (10%) A-V:  0.021 Dropped: 99
AV: 00:00:08 / 00:01:18 (10%) A-V: -0.000 Dropped: 99
AV: 00:00:08 / 00:01:18 (10%) A-V:  0.005 Dropped: 100
AV: 00:00:08 / 00:01:18 (10%) A-V: -0.000 Dropped: 100
AV: 00:00:08 / 00:01:18 (10%) A-V:  0.022 Dropped: 101
AV: 00:00:08 / 00:01:18 (11%) A-V: -0.000 Dropped: 101
AV: 00:00:08 / 00:01:18 (11%) A-V:  0.039 Dropped: 102
AV: 00:00:08 / 00:01:18 (11%) A-V: -0.000 Dropped: 102
AV: 00:00:08 / 00:01:18 (11%) A-V:  0.023 Dropped: 103
AV: 00:00:08 / 00:01:18 (11%) A-V: -0.000 Dropped: 103
AV: 00:00:08 / 00:01:18 (11%) A-V:  0.004 Dropped: 104
AV: 00:00:08 / 00:01:18 (11%) A-V: -0.000 Dropped: 104
AV: 00:00:08 / 00:01:18 (11%) A-V:  0.021 Dropped: 105
AV: 00:00:08 / 00:01:18 (11%) A-V: -0.000 Dropped: 105
AV: 00:00:08 / 00:01:18 (11%) A-V:  0.005 Dropped: 106
AV: 00:00:08 / 00:01:18 (11%) A-V: -0.000 Dropped: 106
AV: 00:00:08 / 00:01:18 (11%) A-V:  0.022 Dropped: 107
AV: 00:00:08 / 00:01:18 (11%) A-V: -0.000 Dropped: 107
AV: 00:00:08 / 00:01:18 (11%) A-V:  0.007 Dropped: 108
AV: 00:00:08 / 00:01:18 (11%) A-V: -0.000 Dropped: 108
AV: 00:00:08 / 00:01:18 (11%) A-V:  0.023 Dropped: 109
AV: 00:00:08 / 00:01:18 (11%) A-V: -0.000 Dropped: 109
AV: 00:00:08 / 00:01:18 (11%) A-V:  0.040 Dropped: 110
AV: 00:00:09 / 00:01:18 (11%) A-V: -0.000 Dropped: 110
AV: 00:00:09 / 00:01:18 (12%) A-V: -0.000 Dropped: 110
AV: 00:00:09 / 00:01:18 (12%) A-V:  0.021 Dropped: 111
AV: 00:00:09 / 00:01:18 (12%) A-V: -0.000 Dropped: 111
AV: 00:00:09 / 00:01:18 (12%) A-V:  0.005 Dropped: 112
AV: 00:00:09 / 00:01:18 (12%) A-V: -0.000 Dropped: 112
AV: 00:00:09 / 00:01:18 (12%) A-V:  0.022 Dropped: 113
AV: 00:00:09 / 00:01:18 (12%) A-V: -0.000 Dropped: 113
AV: 00:00:09 / 00:01:18 (12%) A-V:  0.039 Dropped: 114
AV: 00:00:09 / 00:01:18 (12%) A-V: -0.000 Dropped: 114
AV: 00:00:09 / 00:01:18 (12%) A-V:  0.023 Dropped: 115
AV: 00:00:09 / 00:01:18 (12%) A-V: -0.000 Dropped: 115
AV: 00:00:09 / 00:01:18 (12%) A-V:  0.040 Dropped: 116
AV: 00:00:09 / 00:01:18 (12%) A-V: -0.000 Dropped: 116
AV: 00:00:09 / 00:01:18 (12%) A-V:  0.021 Dropped: 117
AV: 00:00:09 / 00:01:18 (12%) A-V: -0.000 Dropped: 117
AV: 00:00:09 / 00:01:18 (12%) A-V:  0.037 Dropped: 118
AV: 00:00:09 / 00:01:18 (12%) A-V: -0.000 Dropped: 118
AV: 00:00:09 / 00:01:18 (12%) A-V:  0.022 Dropped: 119
AV: 00:00:09 / 00:01:18 (12%) A-V: -0.000 Dropped: 119
AV: 00:00:09 / 00:01:18 (12%) A-V:  0.039 Dropped: 120
AV: 00:00:09 / 00:01:18 (13%) A-V:  0.001 Dropped: 120
AV: 00:00:09 / 00:01:18 (13%) A-V:  0.023 Dropped: 121
AV: 00:00:09 / 00:01:18 (13%) A-V: -0.000 Dropped: 121
AV: 00:00:09 / 00:01:18 (13%) A-V:  0.040 Dropped: 122
AV: 00:00:10 / 00:01:18 (13%) A-V: -0.000 Dropped: 122
AV: 00:00:10 / 00:01:18 (13%) A-V:  0.021 Dropped: 123
AV: 00:00:10 / 00:01:18 (13%) A-V: -0.000 Dropped: 123
AV: 00:00:10 / 00:01:18 (13%) A-V:  0.037 Dropped: 124
AV: 00:00:10 / 00:01:18 (13%) A-V: -0.000 Dropped: 124
AV: 00:00:10 / 00:01:18 (13%) A-V:  0.022 Dropped: 125
AV: 00:00:10 / 00:01:18 (13%) A-V: -0.000 Dropped: 125
AV: 00:00:10 / 00:01:18 (13%) A-V:  0.039 Dropped: 126
AV: 00:00:10 / 00:01:18 (13%) A-V: -0.000 Dropped: 126
AV: 00:00:10 / 00:01:18 (13%) A-V:  0.023 Dropped: 127
AV: 00:00:10 / 00:01:18 (13%) A-V: -0.000 Dropped: 127
AV: 00:00:10 / 00:01:18 (13%) A-V:  0.040 Dropped: 128
AV: 00:00:10 / 00:01:18 (13%) A-V: -0.000 Dropped: 128
AV: 00:00:10 / 00:01:18 (13%) A-V:  0.021 Dropped: 129
AV: 00:00:10 / 00:01:18 (14%) A-V: -0.000 Dropped: 129
AV: 00:00:10 / 00:01:18 (14%) A-V:  0.037 Dropped: 130
AV: 00:00:10 / 00:01:18 (14%) A-V: -0.000 Dropped: 130
AV: 00:00:10 / 00:01:18 (14%) A-V:  0.022 Dropped: 131
AV: 00:00:10 / 00:01:18 (14%) A-V: -0.000 Dropped: 131
AV: 00:00:10 / 00:01:18 (14%) A-V:  0.039 Dropped: 132
AV: 00:00:10 / 00:01:18 (14%) A-V:  0.001 Dropped: 132
AV: 00:00:10 / 00:01:18 (14%) A-V:  0.023 Dropped: 133
AV: 00:00:10 / 00:01:18 (14%) A-V: -0.000 Dropped: 133
AV: 00:00:10 / 00:01:18 (14%) A-V:  0.040 Dropped: 134
AV: 00:00:11 / 00:01:18 (14%) A-V: -0.000 Dropped: 134
AV: 00:00:11 / 00:01:18 (14%) A-V:  0.021 Dropped: 135
AV: 00:00:11 / 00:01:18 (14%) A-V:  0.004 Dropped: 135
AV: 00:00:11 / 00:01:18 (14%) A-V:  0.037 Dropped: 136
AV: 00:00:11 / 00:01:18 (14%) A-V: -0.000 Dropped: 136
AV: 00:00:11 / 00:01:18 (14%) A-V:  0.022 Dropped: 137
AV: 00:00:11 / 00:01:18 (14%) A-V: -0.000 Dropped: 137
AV: 00:00:11 / 00:01:18 (14%) A-V:  0.039 Dropped: 138
AV: 00:00:11 / 00:01:18 (14%) A-V: -0.000 Dropped: 138
AV: 00:00:11 / 00:01:18 (15%) A-V: -0.000 Dropped: 138
AV: 00:00:11 / 00:01:18 (15%) A-V:  0.023 Dropped: 139
AV: 00:00:11 / 00:01:18 (15%) A-V: -0.000 Dropped: 139
AV: 00:00:11 / 00:01:18 (15%) A-V:  0.040 Dropped: 140
AV: 00:00:11 / 00:01:18 (15%) A-V: -0.000 Dropped: 140
AV: 00:00:11 / 00:01:18 (15%) A-V:  0.021 Dropped: 141
AV: 00:00:11 / 00:01:18 (15%) A-V: -0.000 Dropped: 141
AV: 00:00:11 / 00:01:18 (15%) A-V:  0.037 Dropped: 142
AV: 00:00:11 / 00:01:18 (15%) A-V: -0.000 Dropped: 142
AV: 00:00:11 / 00:01:18 (15%) A-V:  0.022 Dropped: 143
AV: 00:00:11 / 00:01:18 (15%) A-V: -0.000 Dropped: 143
AV: 00:00:11 / 00:01:18 (15%) A-V:  0.039 Dropped: 144
AV: 00:00:11 / 00:01:18 (15%) A-V: -0.000 Dropped: 144
AV: 00:00:11 / 00:01:18 (15%) A-V:  0.023 Dropped: 145
AV: 00:00:11 / 00:01:18 (15%) A-V: -0.000 Dropped: 145
AV: 00:00:11 / 00:01:18 (15%) A-V:  0.040 Dropped: 146
AV: 00:00:12 / 00:01:18 (15%) A-V: -0.000 Dropped: 146
AV: 00:00:12 / 00:01:18 (15%) A-V:  0.021 Dropped: 147
AV: 00:00:12 / 00:01:18 (15%) A-V: -0.000 Dropped: 147
AV: 00:00:12 / 00:01:18 (15%) A-V:  0.037 Dropped: 148
AV: 00:00:12 / 00:01:18 (16%) A-V: -0.000 Dropped: 148
AV: 00:00:12 / 00:01:18 (16%) A-V:  0.022 Dropped: 149
AV: 00:00:12 / 00:01:18 (16%) A-V: -0.000 Dropped: 149
AV: 00:00:12 / 00:01:18 (16%) A-V:  0.039 Dropped: 150
AV: 00:00:12 / 00:01:18 (16%) A-V: -0.000 Dropped: 150
AV: 00:00:12 / 00:01:18 (16%) A-V:  0.023 Dropped: 151
AV: 00:00:12 / 00:01:18 (16%) A-V: -0.000 Dropped: 151
AV: 00:00:12 / 00:01:18 (16%) A-V:  0.040 Dropped: 152
AV: 00:00:12 / 00:01:18 (16%) A-V: -0.000 Dropped: 152
AV: 00:00:12 / 00:01:18 (16%) A-V:  0.021 Dropped: 153
AV: 00:00:12 / 00:01:18 (16%) A-V: -0.000 Dropped: 153
AV: 00:00:12 / 00:01:18 (16%) A-V:  0.037 Dropped: 154
AV: 00:00:12 / 00:01:18 (16%) A-V: -0.000 Dropped: 154
AV: 00:00:12 / 00:01:18 (16%) A-V:  0.022 Dropped: 155
AV: 00:00:12 / 00:01:18 (16%) A-V: -0.000 Dropped: 155
AV: 00:00:12 / 00:01:18 (16%) A-V:  0.039 Dropped: 156
AV: 00:00:12 / 00:01:18 (16%) A-V:  0.001 Dropped: 156
AV: 00:00:12 / 00:01:18 (16%) A-V:  0.023 Dropped: 157
AV: 00:00:12 / 00:01:18 (16%) A-V: -0.000 Dropped: 157
AV: 00:00:12 / 00:01:18 (17%) A-V: -0.000 Dropped: 157
AV: 00:00:12 / 00:01:18 (17%) A-V:  0.040 Dropped: 158
AV: 00:00:13 / 00:01:18 (17%) A-V: -0.000 Dropped: 158
AV: 00:00:13 / 00:01:18 (17%) A-V:  0.021 Dropped: 159
AV: 00:00:13 / 00:01:18 (17%) A-V: -0.000 Dropped: 159
AV: 00:00:13 / 00:01:18 (17%) A-V:  0.037 Dropped: 160
AV: 00:00:13 / 00:01:18 (17%) A-V: -0.000 Dropped: 160
AV: 00:00:13 / 00:01:18 (17%) A-V:  0.022 Dropped: 161
AV: 00:00:13 / 00:01:18 (17%) A-V: -0.000 Dropped: 161
AV: 00:00:13 / 00:01:18 (17%) A-V:  0.039 Dropped: 162
AV: 00:00:13 / 00:01:18 (17%) A-V: -0.000 Dropped: 162
AV: 00:00:13 / 00:01:18 (17%) A-V:  0.023 Dropped: 163
AV: 00:00:13 / 00:01:18 (17%) A-V: -0.000 Dropped: 163
AV: 00:00:13 / 00:01:18 (17%) A-V:  0.040 Dropped: 164
AV: 00:00:13 / 00:01:18 (17%) A-V: -0.000 Dropped: 164
AV: 00:00:13 / 00:01:18 (17%) A-V:  0.021 Dropped: 165
AV: 00:00:13 / 00:01:18 (17%) A-V: -0.000 Dropped: 165
AV: 00:00:13 / 00:01:18 (17%) A-V:  0.037 Dropped: 166
AV: 00:00:13 / 00:01:18 (17%) A-V: -0.000 Dropped: 166
AV: 00:00:13 / 00:01:18 (17%) A-V:  0.026 Dropped: 167
AV: 00:00:13 / 00:01:18 (18%) A-V: -0.000 Dropped: 167
AV: 00:00:13 / 00:01:18 (18%) A-V:  0.039 Dropped: 168
AV: 00:00:13 / 00:01:18 (18%) A-V: -0.000 Dropped: 168
AV: 00:00:13 / 00:01:18 (18%) A-V:  0.023 Dropped: 169
AV: 00:00:13 / 00:01:18 (18%) A-V: -0.000 Dropped: 169
AV: 00:00:13 / 00:01:18 (18%) A-V:  0.040 Dropped: 170
AV: 00:00:14 / 00:01:18 (18%) A-V: -0.000 Dropped: 170
AV: 00:00:14 / 00:01:18 (18%) A-V:  0.021 Dropped: 171
AV: 00:00:14 / 00:01:18 (18%) A-V: -0.000 Dropped: 171
AV: 00:00:14 / 00:01:18 (18%) A-V:  0.037 Dropped: 172
AV: 00:00:14 / 00:01:18 (18%) A-V: -0.000 Dropped: 172
AV: 00:00:14 / 00:01:18 (18%) A-V:  0.022 Dropped: 173
AV: 00:00:14 / 00:01:18 (18%) A-V: -0.000 Dropped: 173
AV: 00:00:14 / 00:01:18 (18%) A-V:  0.039 Dropped: 174
AV: 00:00:14 / 00:01:18 (18%) A-V: -0.000 Dropped: 174
AV: 00:00:14 / 00:01:18 (18%) A-V:  0.023 Dropped: 175
AV: 00:00:14 / 00:01:18 (18%) A-V: -0.000 Dropped: 175
AV: 00:00:14 / 00:01:18 (18%) A-V:  0.040 Dropped: 176
AV: 00:00:14 / 00:01:18 (19%) A-V: -0.000 Dropped: 176
AV: 00:00:14 / 00:01:18 (19%) A-V:  0.021 Dropped: 177
AV: 00:00:14 / 00:01:18 (19%) A-V: -0.000 Dropped: 177
AV: 00:00:14 / 00:01:18 (19%) A-V:  0.037 Dropped: 178
AV: 00:00:14 / 00:01:18 (19%) A-V: -0.000 Dropped: 178
AV: 00:00:14 / 00:01:18 (19%) A-V:  0.022 Dropped: 179
AV: 00:00:14 / 00:01:18 (19%) A-V: -0.000 Dropped: 179
AV: 00:00:14 / 00:01:18 (19%) A-V:  0.039 Dropped: 180
AV: 00:00:14 / 00:01:18 (19%) A-V: -0.000 Dropped: 180
AV: 00:00:14 / 00:01:18 (19%) A-V:  0.023 Dropped: 181
AV: 00:00:14 / 00:01:18 (19%) A-V: -0.000 Dropped: 181
AV: 00:00:14 / 00:01:18 (19%) A-V:  0.040 Dropped: 182
AV: 00:00:15 / 00:01:18 (19%) A-V: -0.000 Dropped: 182
AV: 00:00:15 / 00:01:18 (19%) A-V:  0.021 Dropped: 183
AV: 00:00:15 / 00:01:18 (19%) A-V: -0.000 Dropped: 183
AV: 00:00:15 / 00:01:18 (19%) A-V:  0.037 Dropped: 184
AV: 00:00:15 / 00:01:18 (19%) A-V: -0.000 Dropped: 184
AV: 00:00:15 / 00:01:18 (19%) A-V:  0.022 Dropped: 185
AV: 00:00:15 / 00:01:18 (19%) A-V: -0.000 Dropped: 185
AV: 00:00:15 / 00:01:18 (20%) A-V: -0.000 Dropped: 185
AV: 00:00:15 / 00:01:18 (20%) A-V:  0.039 Dropped: 186
AV: 00:00:15 / 00:01:18 (20%) A-V: -0.000 Dropped: 186
AV: 00:00:15 / 00:01:18 (20%) A-V:  0.023 Dropped: 187
AV: 00:00:15 / 00:01:18 (20%) A-V: -0.000 Dropped: 187
AV: 00:00:15 / 00:01:18 (20%) A-V:  0.040 Dropped: 188
AV: 00:00:15 / 00:01:18 (20%) A-V: -0.000 Dropped: 188
AV: 00:00:15 / 00:01:18 (20%) A-V:  0.021 Dropped: 189
AV: 00:00:15 / 00:01:18 (20%) A-V: -0.000 Dropped: 189
AV: 00:00:15 / 00:01:18 (20%) A-V:  0.037 Dropped: 190
AV: 00:00:15 / 00:01:18 (20%) A-V: -0.000 Dropped: 190
AV: 00:00:15 / 00:01:18 (20%) A-V:  0.022 Dropped: 191
AV: 00:00:15 / 00:01:18 (20%) A-V: -0.000 Dropped: 191
AV: 00:00:15 / 00:01:18 (20%) A-V:  0.039 Dropped: 192
AV: 00:00:15 / 00:01:18 (20%) A-V:  0.000 Dropped: 192
AV: 00:00:15 / 00:01:18 (20%) A-V:  0.023 Dropped: 193
AV: 00:00:15 / 00:01:18 (20%) A-V:  0.000 Dropped: 193
AV: 00:00:15 / 00:01:18 (20%) A-V:  0.040 Dropped: 194
AV: 00:00:16 / 00:01:18 (20%) A-V:  0.000 Dropped: 194
AV: 00:00:16 / 00:01:18 (20%) A-V:  0.021 Dropped: 195
AV: 00:00:16 / 00:01:18 (21%) A-V:  0.000 Dropped: 195
AV: 00:00:16 / 00:01:18 (21%) A-V:  0.037 Dropped: 196
AV: 00:00:16 / 00:01:18 (21%) A-V:  0.000 Dropped: 196
AV: 00:00:16 / 00:01:18 (21%) A-V:  0.022 Dropped: 197
AV: 00:00:16 / 00:01:18 (21%) A-V:  0.000 Dropped: 197
AV: 00:00:16 / 00:01:18 (21%) A-V:  0.039 Dropped: 198
AV: 00:00:16 / 00:01:18 (21%) A-V:  0.000 Dropped: 198
AV: 00:00:16 / 00:01:18 (21%) A-V:  0.023 Dropped: 199
AV: 00:00:16 / 00:01:18 (21%) A-V:  0.000 Dropped: 199
AV: 00:00:16 / 00:01:18 (21%) A-V:  0.040 Dropped: 200
AV: 00:00:16 / 00:01:18 (21%) A-V:  0.000 Dropped: 200
AV: 00:00:16 / 00:01:18 (21%) A-V:  0.021 Dropped: 201
AV: 00:00:16 / 00:01:18 (21%) A-V:  0.000 Dropped: 201
AV: 00:00:16 / 00:01:18 (21%) A-V:  0.037 Dropped: 202
AV: 00:00:16 / 00:01:18 (21%) A-V:  0.000 Dropped: 202
Exiting... (Quit)
